
  .   ____          _            __ _ _
 /\\ / ___'_ __ _ _(_)_ __  __ _ \ \ \ \
( ( )\___ | '_ | '_| | '_ \/ _` | \ \ \ \
 \\/  ___)| |_)| | | | | || (_| |  ) ) ) )
  '  |____| .__|_| |_|_| |_\__, | / / / /
 =========|_|==============|___/=/_/_/_/
 :: Spring Boot ::                (v3.2.1)

2026-06-23T18:21:00.989+08:00  INFO 15760 --- [devops-platform] [           main] c.d.platform.DevOpsPlatformApplication   : Starting DevOpsPlatformApplication using Java 21.0.1 with PID 15760 (E:\Dissertation\2\devops-platform\target\devops-platform-1.0.0.jar started by DustStart in E:\Dissertation\2\devops-platform)
2026-06-23T18:21:00.991+08:00  INFO 15760 --- [devops-platform] [           main] c.d.platform.DevOpsPlatformApplication   : No active profile set, falling back to 1 default profile: "default"
2026-06-23T18:21:01.855+08:00  INFO 15760 --- [devops-platform] [           main] .s.d.r.c.RepositoryConfigurationDelegate : Bootstrapping Spring Data JPA repositories in DEFAULT mode.
2026-06-23T18:21:01.912+08:00  INFO 15760 --- [devops-platform] [           main] .s.d.r.c.RepositoryConfigurationDelegate : Finished Spring Data repository scanning in 49 ms. Found 5 JPA repository interfaces.
2026-06-23T18:21:02.542+08:00  INFO 15760 --- [devops-platform] [           main] o.s.b.w.embedded.tomcat.TomcatWebServer  : Tomcat initialized with port 3432 (http)
2026-06-23T18:21:02.556+08:00  INFO 15760 --- [devops-platform] [           main] o.apache.catalina.core.StandardService   : Starting service [Tomcat]
2026-06-23T18:21:02.556+08:00  INFO 15760 --- [devops-platform] [           main] o.apache.catalina.core.StandardEngine    : Starting Servlet engine: [Apache Tomcat/10.1.17]
2026-06-23T18:21:02.617+08:00  INFO 15760 --- [devops-platform] [           main] o.a.c.c.C.[Tomcat].[localhost].[/]       : Initializing Spring embedded WebApplicationContext
2026-06-23T18:21:02.617+08:00  INFO 15760 --- [devops-platform] [           main] w.s.c.ServletWebServerApplicationContext : Root WebApplicationContext: initialization completed in 1552 ms
2026-06-23T18:21:02.810+08:00  INFO 15760 --- [devops-platform] [           main] o.hibernate.jpa.internal.util.LogHelper  : HHH000204: Processing PersistenceUnitInfo [name: default]
2026-06-23T18:21:02.879+08:00  INFO 15760 --- [devops-platform] [           main] org.hibernate.Version                    : HHH000412: Hibernate ORM core version 6.4.1.Final
2026-06-23T18:21:02.928+08:00  INFO 15760 --- [devops-platform] [           main] o.h.c.internal.RegionFactoryInitiator    : HHH000026: Second-level cache disabled
2026-06-23T18:21:03.191+08:00  INFO 15760 --- [devops-platform] [           main] o.s.o.j.p.SpringPersistenceUnitInfo      : No LoadTimeWeaver setup: ignoring JPA class transformer
2026-06-23T18:21:03.227+08:00  INFO 15760 --- [devops-platform] [           main] com.zaxxer.hikari.HikariDataSource       : HikariPool-1 - Starting...
2026-06-23T18:21:03.434+08:00  INFO 15760 --- [devops-platform] [           main] com.zaxxer.hikari.pool.HikariPool        : HikariPool-1 - Added connection com.mysql.cj.jdbc.ConnectionImpl@3c09a350
2026-06-23T18:21:03.437+08:00  INFO 15760 --- [devops-platform] [           main] com.zaxxer.hikari.HikariDataSource       : HikariPool-1 - Start completed.
2026-06-23T18:21:03.482+08:00  WARN 15760 --- [devops-platform] [           main] org.hibernate.orm.deprecation            : HHH90000025: MySQLDialect does not need to be specified explicitly using 'hibernate.dialect' (remove the property setting and it will be selected by default)
2026-06-23T18:21:04.309+08:00  INFO 15760 --- [devops-platform] [           main] o.h.e.t.j.p.i.JtaPlatformInitiator       : HHH000489: No JTA platform available (set 'hibernate.transaction.jta.platform' to enable JTA platform integration)
2026-06-23T18:21:04.362+08:00  INFO 15760 --- [devops-platform] [           main] j.LocalContainerEntityManagerFactoryBean : Initialized JPA EntityManagerFactory for persistence unit 'default'
2026-06-23T18:21:04.871+08:00  INFO 15760 --- [devops-platform] [           main] o.s.d.j.r.query.QueryEnhancerFactory     : Hibernate is in classpath; If applicable, HQL parser will be used.
2026-06-23T18:21:05.419+08:00  WARN 15760 --- [devops-platform] [           main] .s.s.UserDetailsServiceAutoConfiguration : 

Using generated security password: f67142f8-be7c-4a57-a306-21edecfd52d4

This generated password is for development use only. Your security configuration must be updated before running your application in production.

2026-06-23T18:21:05.660+08:00  INFO 15760 --- [devops-platform] [           main] o.s.b.a.w.s.WelcomePageHandlerMapping    : Adding welcome page: class path resource [static/index.html]
2026-06-23T18:21:05.806+08:00  INFO 15760 --- [devops-platform] [           main] o.s.s.web.DefaultSecurityFilterChain     : Will secure any request with [org.springframework.security.web.session.DisableEncodeUrlFilter@7fb84ef7, org.springframework.security.web.context.request.async.WebAsyncManagerIntegrationFilter@4563d421, org.springframework.security.web.context.SecurityContextHolderFilter@6979e9b8, org.springframework.security.web.header.HeaderWriterFilter@7f77d839, org.springframework.web.filter.CorsFilter@1465914, org.springframework.security.web.authentication.logout.LogoutFilter@3de8e614, org.springframework.security.web.savedrequest.RequestCacheAwareFilter@345effd7, org.springframework.security.web.servletapi.SecurityContextHolderAwareRequestFilter@b9750f0, org.springframework.security.web.authentication.AnonymousAuthenticationFilter@3a7deba5, org.springframework.security.web.session.SessionManagementFilter@6dbe6891, org.springframework.security.web.access.ExceptionTranslationFilter@414d5660, org.springframework.security.web.access.intercept.AuthorizationFilter@20834c45]
2026-06-23T18:21:06.078+08:00  WARN 15760 --- [devops-platform] [           main] ConfigServletWebServerApplicationContext : Exception encountered during context initialization - cancelling refresh attempt: org.springframework.context.ApplicationContextException: Failed to start bean 'webServerStartStop'
2026-06-23T18:21:06.081+08:00  INFO 15760 --- [devops-platform] [           main] j.LocalContainerEntityManagerFactoryBean : Closing JPA EntityManagerFactory for persistence unit 'default'
2026-06-23T18:21:06.083+08:00  INFO 15760 --- [devops-platform] [           main] com.zaxxer.hikari.HikariDataSource       : HikariPool-1 - Shutdown initiated...
2026-06-23T18:21:06.091+08:00  INFO 15760 --- [devops-platform] [           main] com.zaxxer.hikari.HikariDataSource       : HikariPool-1 - Shutdown completed.
2026-06-23T18:21:06.104+08:00  INFO 15760 --- [devops-platform] [           main] .s.b.a.l.ConditionEvaluationReportLogger : 

Error starting ApplicationContext. To display the condition evaluation report re-run your application with 'debug' enabled.
2026-06-23T18:21:06.125+08:00 ERROR 15760 --- [devops-platform] [           main] o.s.b.d.LoggingFailureAnalysisReporter   : 

***************************
APPLICATION FAILED TO START
***************************

Description:

Web server failed to start. Port 3432 was already in use.

Action:

Identify and stop the process that's listening on port 3432 or configure this application to listen on another port.

