[INFO] 2026-06-23T22:14:37.478496600 开始构建 #4 【真实模式】
[INFO] 项目: Dearkoma的Java路程
[INFO] 流水线: 	Dearkoma的Java路程
[INFO] 工作目录: ./data/workspace/proj-1782222578545

========== 代码准备 ==========
[GIT] 克隆仓库: https://github.com/Dearkoma/Java (分支: main)
$ git clone -b main https://github.com/Dearkoma/Java proj-1782222578545
  Cloning into 'proj-1782222578545'...
[GIT] 代码克隆完成

========== 阶段: 拉取代码 ==========
[STEP] 执行: Git Pull (SHELL)
$ git pull origin main
  From https://github.com/Dearkoma/Java
   * branch            main       -> FETCH_HEAD
  Already up to date.
[SUCCESS] 步骤完成: Git Pull

========== 阶段: 编译构建 ==========
[STEP] 执行: Maven编译 (SHELL)
$ mvn clean package -DskipTests
  [INFO] Scanning for projects...
  [INFO] ------------------------------------------------------------------------
  [INFO] BUILD FAILURE
  [INFO] ------------------------------------------------------------------------
  [INFO] Total time:  0.072 s
  [INFO] Finished at: 2026-06-23T22:14:42+08:00
  [INFO] ------------------------------------------------------------------------
  [ERROR] The goal you specified requires a project to execute but there is no POM in this directory (E:\Dissertation\2\devops-platform\data\workspace\proj-1782222578545). Please verify you invoked Maven from the correct directory. -> [Help 1]
  [ERROR] 
  [ERROR] To see the full stack trace of the errors, re-run Maven with the -e switch.
  [ERROR] Re-run Maven using the -X switch to enable full debug logging.
  [ERROR] 
  [ERROR] For more information about the errors and possible solutions, please read the following articles:
  [ERROR] [Help 1] http://cwiki.apache.org/confluence/display/MAVEN/MissingProjectException
[ERROR] 命令退出码: 1

[ERROR] 构建失败: 步骤执行失败: Maven编译
